-------------------------------------------------------------------------------
Test set: TestSuite
-------------------------------------------------------------------------------
Tests run: 5, Failures: 1, Errors: 0, Skipped: 0, Time elapsed: 25.151 s <<< FAILURE! - in TestSuite
validateTitlePage(E2EProject.validateTitle)  Time elapsed: 0.153 s  <<< FAILURE!
java.lang.AssertionError: expected [FEATURED C123OURSES] but found [FEATURED COURSES]
	at E2EProject.validateTitle.validateTitlePage(validateTitle.java:31)

