<?xml version="1.0" encoding="UTF-8"?>
<!-- Generated by org.testng.reporters.JUnitXMLReporter -->
<testsuite hostname="DESKTOP-TVKB4F5" ignored="0" name="Test" tests="4" failures="0" timestamp="2021-05-10T22:35:04 IST" time="0.061" errors="0">
  <testcase name="UIAutomation" time="0.005" classname="mvnDemo.uiTest"/>
  <testcase name="WebpageAutomation" time="0.0" classname="mvnDemo.uiTest"/>
  <testcase name="BrowserAutomation" time="0.0" classname="mvnDemo.seleniumTest"/>
  <testcase name="WebAutomatiojn" time="0.001" classname="mvnDemo.seleniumTest"/>
</testsuite> <!-- Test -->
