<?xml version="1.0" encoding="UTF-8"?>
<!-- Generated by org.testng.reporters.JUnitXMLReporter -->
<testsuite ignored="1" hostname="DESKTOP-TVKB4F5" failures="0" tests="2" name="Home loan" time="0.013" errors="0" timestamp="2021-05-06T22:42:11 IST">
  <testcase classname="test.test4" name="APILoginhomeloan" time="0.001"/>
  <testcase classname="test.test4" name="WebLoginhomeloan" time="0.002"/>
  <testcase classname="test.test4" name="MobileLoginhomeloan" time="0.0">
    <ignored/>
  </testcase> <!-- MobileLoginhomeloan -->
</testsuite> <!-- Home loan -->
