<?xml version="1.0" encoding="UTF-8"?>
<!-- Generated by org.testng.reporters.JUnitXMLReporter -->
<testsuite ignored="7" hostname="DESKTOP-TVKB4F5" failures="0" tests="4" name="Regression" time="0.073" errors="0" timestamp="2021-05-07T01:55:56 IST">
  <testcase classname="test.test1" name="testDemo1" time="0.012"/>
  <testcase classname="test.test1" name="testdemo2" time="0.001"/>
  <testcase classname="test.test3" name="APILogincarloan" time="0.002"/>
  <testcase classname="test.test4" name="APILoginhomeloan" time="0.002"/>
  <testcase classname="test.test4" name="WebLoginhomeloan" time="0.0">
    <ignored/>
  </testcase> <!-- WebLoginhomeloan -->
  <testcase classname="test.test3" name="WebLogincarloan" time="0.0">
    <ignored/>
  </testcase> <!-- WebLogincarloan -->
  <testcase classname="test.test3" name="MobileSignincarloan" time="0.0">
    <ignored/>
  </testcase> <!-- MobileSignincarloan -->
  <testcase classname="test.test4" name="MobileLoginhomeloan" time="0.0">
    <ignored/>
  </testcase> <!-- MobileLoginhomeloan -->
  <testcase classname="test.test3" name="MobileLogincarloan" time="0.0">
    <ignored/>
  </testcase> <!-- MobileLogincarloan -->
  <testcase classname="test.test2" name="ploan" time="0.0">
    <ignored/>
  </testcase> <!-- ploan -->
  <testcase classname="test.test3" name="MobileSignoutcarloan" time="0.0">
    <ignored/>
  </testcase> <!-- MobileSignoutcarloan -->
</testsuite> <!-- Regression -->
