<?xml version="1.0" encoding="UTF-8"?>
<!-- Generated by org.testng.reporters.JUnitXMLReporter -->
<testsuite hostname="DESKTOP-TVKB4F5" failures="0" tests="4" name="Test" time="32.989" errors="0" timestamp="17 May 2021 20:36:46 GMT">
  <testcase classname="E2EProject.HomePage" name="basePagenavigation" time="1.97"/>
  <testcase classname="E2EProject.HomePage" name="basePagenavigation" time="1.724"/>
  <testcase classname="E2EProject.validateNavigationPage" name="basePagenavigation" time="0.097"/>
  <testcase classname="E2EProject.validateTitle" name="basePagenavigation" time="0.056"/>
</testsuite> <!-- Test -->
