<?xml version="1.0" encoding="UTF-8"?>
<testng-results ignored="0" total="1" passed="1" failed="0" skipped="0">
  <reporter-output>
  </reporter-output>
  <suite started-at="2021-05-11T02:33:13 IST" name="Default suite" finished-at="2021-05-11T02:33:23 IST" duration-ms="9621">
    <groups>
    </groups>
    <test started-at="2021-05-11T02:33:13 IST" name="Default test" finished-at="2021-05-11T02:33:23 IST" duration-ms="9621">
      <class name="mvnLatest.initialDemo">
        <test-method is-config="true" signature="config()[pri:0, instance:mvnLatest.initialDemo@2a54a73f]" started-at="2021-05-11T02:33:13 IST" name="config" finished-at="2021-05-11T02:33:14 IST" duration-ms="422" status="PASS">
          <reporter-output>
          </reporter-output>
        </test-method> <!-- config -->
        <test-method signature="initialprojectDemo()[pri:0, instance:mvnLatest.initialDemo@2a54a73f]" started-at="2021-05-11T02:33:14 IST" name="initialprojectDemo" finished-at="2021-05-11T02:33:23 IST" duration-ms="9151" status="PASS">
          <reporter-output>
          </reporter-output>
        </test-method> <!-- initialprojectDemo -->
      </class> <!-- mvnLatest.initialDemo -->
    </test> <!-- Default test -->
  </suite> <!-- Default suite -->
</testng-results>
