<?xml version="1.0" encoding="UTF-8"?>
<testng-results skipped="0" failed="0" ignored="0" total="4" passed="4">
  <reporter-output>
  </reporter-output>
  <suite name="Suite" duration-ms="61" started-at="2021-05-10T22:35:04 IST" finished-at="2021-05-10T22:35:04 IST">
    <groups>
    </groups>
    <test name="Test" duration-ms="61" started-at="2021-05-10T22:35:04 IST" finished-at="2021-05-10T22:35:04 IST">
      <class name="mvnDemo.uiTest">
        <test-method status="PASS" signature="UIAutomation()[pri:0, instance:mvnDemo.uiTest@4b952a2d]" name="UIAutomation" duration-ms="5" started-at="2021-05-10T22:35:04 IST" finished-at="2021-05-10T22:35:04 IST">
          <reporter-output>
          </reporter-output>
        </test-method> <!-- UIAutomation -->
        <test-method status="PASS" signature="WebpageAutomation()[pri:0, instance:mvnDemo.uiTest@4b952a2d]" name="WebpageAutomation" duration-ms="0" started-at="2021-05-10T22:35:04 IST" finished-at="2021-05-10T22:35:04 IST">
          <reporter-output>
          </reporter-output>
        </test-method> <!-- WebpageAutomation -->
      </class> <!-- mvnDemo.uiTest -->
      <class name="mvnDemo.seleniumTest">
        <test-method status="PASS" signature="BrowserAutomation()[pri:0, instance:mvnDemo.seleniumTest@64bf3bbf]" name="BrowserAutomation" duration-ms="0" started-at="2021-05-10T22:35:04 IST" finished-at="2021-05-10T22:35:04 IST">
          <reporter-output>
          </reporter-output>
        </test-method> <!-- BrowserAutomation -->
        <test-method status="PASS" signature="WebAutomatiojn()[pri:0, instance:mvnDemo.seleniumTest@64bf3bbf]" name="WebAutomatiojn" duration-ms="1" started-at="2021-05-10T22:35:04 IST" finished-at="2021-05-10T22:35:04 IST">
          <reporter-output>
          </reporter-output>
        </test-method> <!-- WebAutomatiojn -->
      </class> <!-- mvnDemo.seleniumTest -->
    </test> <!-- Test -->
  </suite> <!-- Suite -->
</testng-results>
