<?xml version="1.0" encoding="UTF-8"?>
<testng-results ignored="0" total="4" passed="4" failed="0" skipped="0">
  <reporter-output>
  </reporter-output>
  <suite started-at="2021-05-10T22:33:09 IST" name="MavenDemo" finished-at="2021-05-10T22:33:09 IST" duration-ms="84">
    <groups>
    </groups>
    <test started-at="2021-05-10T22:33:09 IST" name="MavenDemoTest" finished-at="2021-05-10T22:33:09 IST" duration-ms="84">
      <class name="mvnDemo.uiTest">
        <test-method signature="UIAutomation()[pri:0, instance:mvnDemo.uiTest@6d3a388c]" started-at="2021-05-10T22:33:09 IST" name="UIAutomation" finished-at="2021-05-10T22:33:09 IST" duration-ms="2" status="PASS">
          <reporter-output>
          </reporter-output>
        </test-method> <!-- UIAutomation -->
        <test-method signature="WebpageAutomation()[pri:0, instance:mvnDemo.uiTest@6d3a388c]" started-at="2021-05-10T22:33:09 IST" name="WebpageAutomation" finished-at="2021-05-10T22:33:09 IST" duration-ms="4" status="PASS">
          <reporter-output>
          </reporter-output>
        </test-method> <!-- WebpageAutomation -->
      </class> <!-- mvnDemo.uiTest -->
      <class name="mvnDemo.seleniumTest">
        <test-method signature="BrowserAutomation()[pri:0, instance:mvnDemo.seleniumTest@51dcb805]" started-at="2021-05-10T22:33:09 IST" name="BrowserAutomation" finished-at="2021-05-10T22:33:09 IST" duration-ms="10" status="PASS">
          <reporter-output>
          </reporter-output>
        </test-method> <!-- BrowserAutomation -->
        <test-method signature="WebAutomatiojn()[pri:0, instance:mvnDemo.seleniumTest@51dcb805]" started-at="2021-05-10T22:33:09 IST" name="WebAutomatiojn" finished-at="2021-05-10T22:33:09 IST" duration-ms="3" status="PASS">
          <reporter-output>
          </reporter-output>
        </test-method> <!-- WebAutomatiojn -->
      </class> <!-- mvnDemo.seleniumTest -->
    </test> <!-- MavenDemoTest -->
  </suite> <!-- MavenDemo -->
</testng-results>
