<?xml version="1.0" encoding="UTF-8"?>
<!-- Generated by org.testng.reporters.JUnitXMLReporter -->
<testsuite ignored="0" hostname="DESKTOP-TVKB4F5" failures="0" tests="4" name="MavenDemoTest" time="0.084" errors="0" timestamp="2021-05-10T22:33:09 IST">
  <testcase classname="mvnDemo.seleniumTest" name="BrowserAutomation" time="0.01"/>
  <testcase classname="mvnDemo.seleniumTest" name="WebAutomatiojn" time="0.003"/>
  <testcase classname="mvnDemo.uiTest" name="UIAutomation" time="0.002"/>
  <testcase classname="mvnDemo.uiTest" name="WebpageAutomation" time="0.004"/>
</testsuite> <!-- MavenDemoTest -->
