<?xml version="1.0" encoding="UTF-8"?>
<!-- Generated by org.testng.reporters.JUnitXMLReporter -->
<testsuite hostname="DESKTOP-TVKB4F5" name="Test" tests="4" failures="0" timestamp="18 May 2021 20:39:25 GMT" time="34.478" errors="0">
  <testcase name="basePagenavigation" time="1.575" classname="E2EProject.HomePage"/>
  <testcase name="basePagenavigation" time="1.207" classname="E2EProject.HomePage"/>
  <testcase name="basePagenavigation" time="0.136" classname="E2EProject.validateNavigationPage"/>
  <testcase name="basePagenavigation" time="0.048" classname="E2EProject.validateTitle"/>
</testsuite> <!-- Test -->
