<?xml version="1.0" encoding="UTF-8"?>
<!-- Generated by org.testng.reporters.JUnitXMLReporter -->
<testsuite ignored="0" hostname="DESKTOP-TVKB4F5" failures="0" tests="5" name="Default test" time="0.097" errors="0" timestamp="2021-05-07T22:16:11 IST">
  <testcase classname="test.test3" name="APILogincarloan" time="0.006"/>
  <testcase classname="test.test3" name="MobileSignoutcarloan" time="0.003"/>
  <testcase classname="test.test3" name="WebLogincarloan" time="0.002"/>
  <testcase classname="test.test3" name="MobileSignincarloan" time="0.009"/>
  <testcase classname="test.test3" name="MobileLogincarloan" time="0.002"/>
</testsuite> <!-- Default test -->
